<?xml version="1.0" encoding="UTF-8"?>
<!-- Generated by org.testng.reporters.JUnitReportReporter -->
<testsuite hostname="LAPTOP-LNITF4IO" failures="0" tests="1" name="testBase.TC001_AccountRegistrationTest" time="14.055" errors="0" timestamp="2024-09-26T19:26:23 IST" skipped="0">
  <testcase classname="testBase.TC001_AccountRegistrationTest" name="verify_account_registration" time="14.055"/>
</testsuite> <!-- testBase.TC001_AccountRegistrationTest -->
